<?xml version="1.0" encoding="UTF-8"?>
<!-- Generated by org.testng.reporters.JUnitXMLReporter -->
<testsuite ignored="0" hostname="G" failures="0" tests="9" name="FloridaTests" time="0.116" errors="0" timestamp="2025-01-26T14:46:45 IST">
  <testcase classname="Crossbrowser.CrossBrowserTesting" name="@BeforeClass setup" time="-1.73788300496E9">
    <failure type="org.testng.TestNGException" message="
Parameter &amp;apos;browserName&amp;apos; is required by BeforeClass on method setup but has not been marked @Optional or defined
in E:\Java\Eclipse\Capstone_Project\crossbrowsertesting.xml">
      <![CDATA[org.testng.TestNGException: 
Parameter 'browserName' is required by BeforeClass on method setup but has not been marked @Optional or defined
in E:\Java\Eclipse\Capstone_Project\crossbrowsertesting.xml
at java.base/java.util.ArrayList.forEach(ArrayList.java:1597)
... Removed 22 stack frames]]>
    </failure>
  </testcase> <!-- @BeforeClass setup -->
  <testcase classname="Crossbrowser.CrossBrowserTesting" name="@AfterClass tearDown" time="0.0">
    <skipped/>
  </testcase> <!-- @AfterClass tearDown -->
  <testcase classname="Crossbrowser.CrossBrowserTesting" name="navigationmenu" time="0.0">
    <skipped/>
  </testcase> <!-- navigationmenu -->
  <testcase classname="Crossbrowser.CrossBrowserTesting" name="searchbar" time="0.0">
    <skipped/>
  </testcase> <!-- searchbar -->
  <testcase classname="Crossbrowser.CrossBrowserTesting" name="programsandservices" time="0.0">
    <skipped/>
  </testcase> <!-- programsandservices -->
  <testcase classname="Crossbrowser.CrossBrowserTesting" name="validateContactUs" time="0.001">
    <skipped/>
  </testcase> <!-- validateContactUs -->
  <testcase classname="Crossbrowser.CrossBrowserTesting" name="login" time="0.0">
    <skipped/>
  </testcase> <!-- login -->
  <testcase classname="Crossbrowser.CrossBrowserTesting" name="register" time="0.0">
    <skipped/>
  </testcase> <!-- register -->
  <testcase classname="Crossbrowser.CrossBrowserTesting" name="forgotpassword" time="0.0">
    <skipped/>
  </testcase> <!-- forgotpassword -->
  <testcase classname="Crossbrowser.CrossBrowserTesting" name="invalidpasslogin" time="0.0">
    <skipped/>
  </testcase> <!-- invalidpasslogin -->
  <testcase classname="Crossbrowser.CrossBrowserTesting" name="invalidusernamelogin" time="0.0">
    <skipped/>
  </testcase> <!-- invalidusernamelogin -->
</testsuite> <!-- FloridaTests -->
